<?xml version="1.0" encoding="UTF-8"?>
<!-- Generated by org.testng.reporters.JUnitReportReporter -->
<testsuite hostname="DESKTOP-V9OMTJ7" failures="0" tests="1" name="concepts.LoginTest" time="10.414" errors="0" timestamp="2023-07-26T13:33:39 CDT" skipped="0">
  <testcase classname="concepts.LoginTest" name="addCustomer" time="10.414"/>
</testsuite> <!-- concepts.LoginTest -->
